
/home/runner/work/exp-demultiplexer-using-basic-logic-gates-iitb/exp-demultiplexer-using-basic-logic-gates-iitb/experiment/simulation/JS 2/gates.js
   220:29  warning  Empty block statement  no-empty
   735:29  warning  Empty block statement  no-empty
   770:29  warning  Empty block statement  no-empty
   923:32  warning  Unnecessary semicolon  no-extra-semi
   932:29  warning  Empty block statement  no-empty
   963:29  warning  Empty block statement  no-empty
  1129:29  warning  Empty block statement  no-empty
  1159:29  warning  Empty block statement  no-empty
  1319:29  warning  Empty block statement  no-empty
  1351:29  warning  Empty block statement  no-empty
  1516:29  warning  Empty block statement  no-empty
  1548:29  warning  Empty block statement  no-empty
  1712:29  warning  Empty block statement  no-empty
  1742:29  warning  Empty block statement  no-empty
  1910:29  warning  Empty block statement  no-empty
  1940:29  warning  Empty block statement  no-empty
  2103:29  warning  Empty block statement  no-empty
  2133:29  warning  Empty block statement  no-empty
  2374:29  warning  Empty block statement  no-empty
  2404:29  warning  Empty block statement  no-empty
  2437:30  warning  Empty block statement  no-empty
  2468:30  warning  Empty block statement  no-empty

/home/runner/work/exp-demultiplexer-using-basic-logic-gates-iitb/exp-demultiplexer-using-basic-logic-gates-iitb/experiment/simulation/JS 2/genE3.js
    1:10  warning  'writeMessage' is defined but never used      no-unused-vars
   30:5   warning  'ORcount' is assigned a value but never used  no-unused-vars
   38:9   warning  'message' is assigned a value but never used  no-unused-vars
   42:10  warning  'mouseevt' is defined but never used          no-unused-vars
   48:26  warning  'orgate' is not defined                       no-undef
   55:26  warning  'andgate' is not defined                      no-undef
   68:17  warning  'a1' is already defined                       no-redeclare
   68:26  warning  'notgate' is not defined                      no-undef
   80:17  warning  'a1' is already defined                       no-redeclare
   80:26  warning  'norgate' is not defined                      no-undef
   88:17  warning  'a1' is already defined                       no-redeclare
   88:26  warning  'xorgate' is not defined                      no-undef
   95:17  warning  'a1' is already defined                       no-redeclare
   95:26  warning  'nandgate' is not defined                     no-undef
  102:17  warning  'a1' is already defined                       no-redeclare
  102:26  warning  'divgate' is not defined                      no-undef
  114:17  warning  'a1' is already defined                       no-redeclare
  114:26  warning  'bulb' is not defined                         no-undef
  126:17  warning  'a1' is already defined                       no-redeclare
  126:26  warning  'dbulb' is not defined                        no-undef
  133:17  warning  'a1' is already defined                       no-redeclare
  133:26  warning  'bulbred' is not defined                      no-undef
  140:17  warning  'a1' is already defined                       no-redeclare
  140:26  warning  'bulbrg' is not defined                       no-undef
  147:17  warning  'a1' is already defined                       no-redeclare
  147:26  warning  'outgate' is not defined                      no-undef
  161:17  warning  'a1' is already defined                       no-redeclare
  161:26  warning  'and3gate' is not defined                     no-undef
  174:18  warning  'i' is not defined                            no-undef
  174:25  warning  'i' is not defined                            no-undef
  174:51  warning  'i' is not defined                            no-undef
  176:44  warning  'i' is not defined                            no-undef
  176:94  warning  'i' is not defined                            no-undef
  178:50  warning  'i' is not defined                            no-undef
  186:18  warning  'i' is not defined                            no-undef
  186:25  warning  'i' is not defined                            no-undef
  186:51  warning  'i' is not defined                            no-undef
  187:44  warning  'i' is not defined                            no-undef
  187:94  warning  'i' is not defined                            no-undef
  189:50  warning  'i' is not defined                            no-undef
  202:18  warning  'i' is not defined                            no-undef
  202:25  warning  'i' is not defined                            no-undef
  202:51  warning  'i' is not defined                            no-undef
  204:44  warning  'i' is not defined                            no-undef
  204:94  warning  'i' is not defined                            no-undef
  206:50  warning  'i' is not defined                            no-undef
  214:18  warning  'i' is not defined                            no-undef
  214:25  warning  'i' is not defined                            no-undef
  214:51  warning  'i' is not defined                            no-undef
  215:44  warning  'i' is not defined                            no-undef
  215:94  warning  'i' is not defined                            no-undef
  217:50  warning  'i' is not defined                            no-undef
  230:18  warning  'i' is not defined                            no-undef
  230:25  warning  'i' is not defined                            no-undef
  230:51  warning  'i' is not defined                            no-undef
  232:44  warning  'i' is not defined                            no-undef
  232:94  warning  'i' is not defined                            no-undef
  234:50  warning  'i' is not defined                            no-undef
  242:18  warning  'i' is not defined                            no-undef
  242:25  warning  'i' is not defined                            no-undef
  242:51  warning  'i' is not defined                            no-undef
  243:44  warning  'i' is not defined                            no-undef
  243:94  warning  'i' is not defined                            no-undef
  245:50  warning  'i' is not defined                            no-undef
  258:18  warning  'i' is not defined                            no-undef
  258:25  warning  'i' is not defined                            no-undef
  258:51  warning  'i' is not defined                            no-undef
  260:44  warning  'i' is not defined                            no-undef
  260:94  warning  'i' is not defined                            no-undef
  262:50  warning  'i' is not defined                            no-undef
  270:18  warning  'i' is not defined                            no-undef
  270:25  warning  'i' is not defined                            no-undef
  270:51  warning  'i' is not defined                            no-undef
  271:44  warning  'i' is not defined                            no-undef
  271:94  warning  'i' is not defined                            no-undef
  273:50  warning  'i' is not defined                            no-undef
  286:18  warning  'i' is not defined                            no-undef
  286:25  warning  'i' is not defined                            no-undef
  286:51  warning  'i' is not defined                            no-undef
  288:44  warning  'i' is not defined                            no-undef
  288:94  warning  'i' is not defined                            no-undef
  290:50  warning  'i' is not defined                            no-undef
  298:18  warning  'i' is not defined                            no-undef
  298:25  warning  'i' is not defined                            no-undef
  298:51  warning  'i' is not defined                            no-undef
  299:44  warning  'i' is not defined                            no-undef
  299:94  warning  'i' is not defined                            no-undef
  301:50  warning  'i' is not defined                            no-undef
  314:18  warning  'i' is not defined                            no-undef
  314:25  warning  'i' is not defined                            no-undef
  314:51  warning  'i' is not defined                            no-undef
  316:44  warning  'i' is not defined                            no-undef
  316:94  warning  'i' is not defined                            no-undef
  318:50  warning  'i' is not defined                            no-undef
  326:18  warning  'i' is not defined                            no-undef
  326:25  warning  'i' is not defined                            no-undef
  326:51  warning  'i' is not defined                            no-undef
  327:44  warning  'i' is not defined                            no-undef
  327:94  warning  'i' is not defined                            no-undef
  329:50  warning  'i' is not defined                            no-undef
  343:14  warning  'i' is not defined                            no-undef
  343:21  warning  'i' is not defined                            no-undef
  343:50  warning  'i' is not defined                            no-undef
  344:43  warning  'i' is not defined                            no-undef
  344:96  warning  'i' is not defined                            no-undef
  346:49  warning  'i' is not defined                            no-undef
  361:10  warning  'addorgate' is defined but never used         no-unused-vars
  370:10  warning  'addandgate' is defined but never used        no-unused-vars
  376:10  warning  'addand3gate' is defined but never used       no-unused-vars
  384:10  warning  'addnotgate' is defined but never used        no-unused-vars
  390:10  warning  'addnorgate' is defined but never used        no-unused-vars
  396:10  warning  'addxorgate' is defined but never used        no-unused-vars
  402:10  warning  'addnandgate' is defined but never used       no-unused-vars
  408:10  warning  'adddivgate' is defined but never used        no-unused-vars
  414:10  warning  'addbulbgate' is defined but never used       no-unused-vars
  420:10  warning  'adddbulbgate' is defined but never used      no-unused-vars
  423:10  warning  'addbulredbgate' is defined but never used    no-unused-vars
  429:10  warning  'addbulbrggate' is defined but never used     no-unused-vars
  433:10  warning  'connector1' is defined but never used        no-unused-vars
  442:10  warning  'connector2' is defined but never used        no-unused-vars
  451:10  warning  'connector3' is defined but never used        no-unused-vars
  460:10  warning  'connector4' is defined but never used        no-unused-vars
  469:10  warning  'connector5' is defined but never used        no-unused-vars
  478:10  warning  'connector6' is defined but never used        no-unused-vars
  487:10  warning  'addoutgate' is defined but never used        no-unused-vars
  487:21  warning  'num' is defined but never used               no-unused-vars
  496:10  warning  'i' is not defined                            no-undef
  496:17  warning  'i' is not defined                            no-undef
  496:43  warning  'i' is not defined                            no-undef
  497:32  warning  'i' is not defined                            no-undef
  500:10  warning  'i' is not defined                            no-undef
  500:17  warning  'i' is not defined                            no-undef
  500:38  warning  'i' is not defined                            no-undef
  501:13  warning  'a1' is already defined                       no-redeclare
  501:27  warning  'i' is not defined                            no-undef
  502:27  warning  'i' is not defined                            no-undef
  503:31  warning  'i' is not defined                            no-undef
  504:30  warning  'i' is not defined                            no-undef
  514:10  warning  'startsim1' is defined but never used         no-unused-vars
  517:10  warning  'i' is not defined                            no-undef
  517:17  warning  'i' is not defined                            no-undef
  517:46  warning  'i' is not defined                            no-undef
  520:41  warning  'i' is not defined                            no-undef
  525:10  warning  'stopsim1' is defined but never used          no-unused-vars
  530:10  warning  'reset' is defined but never used             no-unused-vars
  567:10  warning  'undoGate' is defined but never used          no-unused-vars
  624:10  warning  'undoConnection' is defined but never used    no-unused-vars
  642:10  warning  'redoGate' is defined but never used          no-unused-vars
  710:10  warning  'redoConnection' is defined but never used    no-unused-vars

/home/runner/work/exp-demultiplexer-using-basic-logic-gates-iitb/exp-demultiplexer-using-basic-logic-gates-iitb/experiment/simulation/JS 2/mouseevent.ob.js
  1:255  warning  'writeMessage' is defined but never used       no-unused-vars
  1:684  warning  'canvas' is not defined                        no-undef
  1:760  warning  'canvas' is not defined                        no-undef
  1:781  warning  '_0x106F4' is assigned a value but never used  no-unused-vars
  1:869  warning  'canvas' is not defined                        no-undef
  1:974  warning  'canvas' is not defined                        no-undef
  1:991  warning  'mouseevt' is not defined                      no-undef

/home/runner/work/exp-demultiplexer-using-basic-logic-gates-iitb/exp-demultiplexer-using-basic-logic-gates-iitb/experiment/simulation/JS 2/outputgate.js
  151:29  warning  Empty block statement  no-empty
  184:29  warning  Empty block statement  no-empty

/home/runner/work/exp-demultiplexer-using-basic-logic-gates-iitb/exp-demultiplexer-using-basic-logic-gates-iitb/experiment/simulation/common_libraries/js/ts_components/collapse_step.js
   1:10  warning  'show_step' is defined but never used                 no-unused-vars
   2:5   warning  '$' is not defined                                    no-undef
   3:9   warning  '$' is not defined                                    no-undef
   6:10  warning  'hide_step' is defined but never used                 no-unused-vars
   7:5   warning  '$' is not defined                                    no-undef
   8:9   warning  '$' is not defined                                    no-undef
  11:10  warning  'get_collapse_btn_text' is defined but never used     no-unused-vars
  20:10  warning  'get_collapse_btn_element' is defined but never used  no-unused-vars
  29:10  warning  'hide_all_steps' is defined but never used            no-unused-vars
  31:9   warning  '$' is not defined                                    no-undef

/home/runner/work/exp-demultiplexer-using-basic-logic-gates-iitb/exp-demultiplexer-using-basic-logic-gates-iitb/experiment/simulation/common_libraries/js/ts_components/matrix.js
   27:26  warning  'MathJax' is not defined                                no-undef
   32:7   warning  'Matrix_Without_String' is defined but never used       no-unused-vars
   52:26  warning  'MathJax' is not defined                                no-undef
   56:10  warning  'get_matrix_html' is defined but never used             no-unused-vars
   87:13  warning  'row_html' is assigned a value but never used           no-unused-vars
   99:10  warning  'get_matrix_html_with_title' is defined but never used  no-unused-vars
  131:13  warning  'row_html' is assigned a value but never used           no-unused-vars
  143:10  warning  'convert_2d_to_1d_vector' is defined but never used     no-unused-vars
  156:10  warning  'convert_1d_to_2d_matrix' is defined but never used     no-unused-vars

/home/runner/work/exp-demultiplexer-using-basic-logic-gates-iitb/exp-demultiplexer-using-basic-logic-gates-iitb/experiment/simulation/common_libraries/js/ts_components/matrix_2d.js
    2:10  warning  'toLatexBMatrix' is defined but never used              no-unused-vars
   29:10  warning  'toLatexDeterminant' is defined but never used          no-unused-vars
   61:10  warning  'renderMatrixInputs' is defined but never used          no-unused-vars
  111:10  warning  'readMatrix2D' is defined but never used                no-unused-vars
  130:10  warning  'verifyMatrix2D' is defined but never used              no-unused-vars
  141:18  warning  'verify_values' is not defined                          no-undef
  148:10  warning  'transposeMatrix' is defined but never used             no-unused-vars
  165:10  warning  'multiplyMatrices' is defined but never used            no-unused-vars
  200:10  warning  'inverseMatrix' is defined but never used               no-unused-vars
  255:10  warning  'determinant' is defined but never used                 no-unused-vars
  305:10  warning  'convertMatrixInputsToSpans' is defined but never used  no-unused-vars

/home/runner/work/exp-demultiplexer-using-basic-logic-gates-iitb/exp-demultiplexer-using-basic-logic-gates-iitb/experiment/simulation/common_libraries/js/ts_components/pannel.js
  8:7  warning  'Pannel' is defined but never used  no-unused-vars

/home/runner/work/exp-demultiplexer-using-basic-logic-gates-iitb/exp-demultiplexer-using-basic-logic-gates-iitb/experiment/simulation/common_libraries/js/ts_components/questions.js
   6:17  warning  'op1' is assigned a value but never used      no-unused-vars
   7:17  warning  'op2' is assigned a value but never used      no-unused-vars
   8:17  warning  'op3' is assigned a value but never used      no-unused-vars
   9:17  warning  'op4' is assigned a value but never used      no-unused-vars
  94:7   warning  'Question_Options' is defined but never used  no-unused-vars

/home/runner/work/exp-demultiplexer-using-basic-logic-gates-iitb/exp-demultiplexer-using-basic-logic-gates-iitb/experiment/simulation/common_libraries/js/ts_components/tables.js
   19:22  warning  'verify_values' is not defined                                     no-undef
  137:22  warning  'verify_values' is not defined                                     no-undef
  260:7   warning  'Verify_Rows_Cols_6_decimal_places' is defined but never used      no-unused-vars
  311:22  warning  'verify_values' is not defined                                     no-undef
  416:7   warning  'Verify_Rows_Cols_Custom_Fixed_Update1' is defined but never used  no-unused-vars
  468:7   warning  'Show_Table_Custom_Fixed' is defined but never used                no-unused-vars
  506:7   warning  'Verify_Rows_Cols_Strings' is defined but never used               no-unused-vars
  527:22  warning  'verify_values' is not defined                                     no-undef
  663:7   warning  'Display_Table' is defined but never used                          no-unused-vars

/home/runner/work/exp-demultiplexer-using-basic-logic-gates-iitb/exp-demultiplexer-using-basic-logic-gates-iitb/experiment/simulation/common_libraries/js/ts_math_library/general_math_functions.js
    1:10  warning  'verify_values' is defined but never used                   no-unused-vars
   17:10  warning  'random1' is defined but never used                         no-unused-vars
   21:10  warning  'std_deviation' is defined but never used                   no-unused-vars
   26:10  warning  'gauss' is defined but never used                           no-unused-vars
   56:10  warning  'hide_panel' is defined but never used                      no-unused-vars
   63:10  warning  'inverse_matrix' is defined but never used                  no-unused-vars
   96:10  warning  'matrix_multiplication' is defined but never used           no-unused-vars
  113:10  warning  'transpose_matrix' is defined but never used                no-unused-vars
  123:10  warning  'matrix_multiplication_8decimal' is defined but never used  no-unused-vars
  140:10  warning  'adjoint_2x2_matrix' is defined but never used              no-unused-vars
  145:10  warning  'find_deteminant' is defined but never used                 no-unused-vars
  174:10  warning  'get_Submatrix' is defined but never used                   no-unused-vars

/home/runner/work/exp-demultiplexer-using-basic-logic-gates-iitb/exp-demultiplexer-using-basic-logic-gates-iitb/experiment/simulation/common_libraries/js/ts_math_library/regression.js
   1:10  warning  'regression_linear' is defined but never used            no-unused-vars
  18:10  warning  'regression_linear_1variable' is defined but never used  no-unused-vars
  27:10  warning  'regression_linear_2variable' is defined but never used  no-unused-vars
  52:11  warning  'gauss' is not defined                                   no-undef

/home/runner/work/exp-demultiplexer-using-basic-logic-gates-iitb/exp-demultiplexer-using-basic-logic-gates-iitb/experiment/simulation/common_libraries/math.ob.js
  1:745  warning  'b' is already defined  no-redeclare

/home/runner/work/exp-demultiplexer-using-basic-logic-gates-iitb/exp-demultiplexer-using-basic-logic-gates-iitb/experiment/simulation/front_page.js
    1:22  warning  'DrawORGate' is defined but never used    no-unused-vars
    3:17  warning  'CONTEXT1' is not defined                 no-undef
    3:42  warning  'CANVAS1' is not defined                  no-undef
    3:57  warning  'CANVAS1' is not defined                  no-undef
    6:25  warning  'startX' is not defined                   no-undef
    7:25  warning  'startY' is not defined                   no-undef
   70:22  warning  'DrawANDGate' is defined but never used   no-unused-vars
   72:17  warning  'CONTEXT1' is not defined                 no-undef
   72:42  warning  'CANVAS1' is not defined                  no-undef
   72:57  warning  'CANVAS1' is not defined                  no-undef
   73:20  warning  'questionCount' is not defined            no-undef
   74:21  warning  'selectedAnswer' is not defined           no-undef
   76:21  warning  'selectedAnswer' is not defined           no-undef
   78:25  warning  'startX' is not defined                   no-undef
   79:25  warning  'startY' is not defined                   no-undef
  146:22  warning  'DrawNOTGate' is defined but never used   no-unused-vars
  148:17  warning  'CONTEXT1' is not defined                 no-undef
  148:42  warning  'CANVAS1' is not defined                  no-undef
  148:57  warning  'CANVAS1' is not defined                  no-undef
  149:17  warning  'selectedAnswer' is not defined           no-undef
  151:23  warning  'startX' is not defined                   no-undef
  152:23  warning  'startY' is not defined                   no-undef
  199:22  warning  'DrawNORGate' is defined but never used   no-unused-vars
  201:17  warning  'CONTEXT1' is not defined                 no-undef
  201:42  warning  'CANVAS1' is not defined                  no-undef
  201:57  warning  'CANVAS1' is not defined                  no-undef
  202:17  warning  'selectedAnswer' is not defined           no-undef
  204:25  warning  'startX' is not defined                   no-undef
  205:25  warning  'startY' is not defined                   no-undef
  271:22  warning  'DrawNANDGate' is defined but never used  no-unused-vars
  273:17  warning  'CONTEXT1' is not defined                 no-undef
  273:42  warning  'CANVAS1' is not defined                  no-undef
  273:57  warning  'CANVAS1' is not defined                  no-undef
  274:17  warning  'selectedAnswer' is not defined           no-undef
  276:25  warning  'startX' is not defined                   no-undef
  277:25  warning  'startY' is not defined                   no-undef
  347:22  warning  'DrawXORGate' is defined but never used   no-unused-vars
  349:17  warning  'CONTEXT1' is not defined                 no-undef
  349:42  warning  'CANVAS1' is not defined                  no-undef
  349:57  warning  'CANVAS1' is not defined                  no-undef
  350:17  warning  'selectedAnswer' is not defined           no-undef
  352:25  warning  'startX' is not defined                   no-undef
  353:25  warning  'startY' is not defined                   no-undef

/home/runner/work/exp-demultiplexer-using-basic-logic-gates-iitb/exp-demultiplexer-using-basic-logic-gates-iitb/experiment/simulation/js/simulation/JS 2/gates.js
   165:29  warning  Empty block statement  no-empty
   554:29  warning  Empty block statement  no-empty
   577:29  warning  Empty block statement  no-empty
   697:5   warning  Unnecessary semicolon  no-extra-semi
   703:29  warning  Empty block statement  no-empty
   725:29  warning  Empty block statement  no-empty
   857:29  warning  Empty block statement  no-empty
   879:29  warning  Empty block statement  no-empty
  1004:29  warning  Empty block statement  no-empty
  1026:29  warning  Empty block statement  no-empty
  1157:29  warning  Empty block statement  no-empty
  1179:29  warning  Empty block statement  no-empty
  1309:29  warning  Empty block statement  no-empty
  1331:29  warning  Empty block statement  no-empty
  1463:29  warning  Empty block statement  no-empty
  1485:29  warning  Empty block statement  no-empty
  1615:29  warning  Empty block statement  no-empty
  1637:29  warning  Empty block statement  no-empty
  1830:29  warning  Empty block statement  no-empty
  1852:29  warning  Empty block statement  no-empty
  1878:30  warning  Empty block statement  no-empty
  1900:30  warning  Empty block statement  no-empty

/home/runner/work/exp-demultiplexer-using-basic-logic-gates-iitb/exp-demultiplexer-using-basic-logic-gates-iitb/experiment/simulation/js/simulation/JS 2/genE3.js
    1:10  warning  'writeMessage' is defined but never used      no-unused-vars
   28:5   warning  'ORcount' is assigned a value but never used  no-unused-vars
   35:9   warning  'message' is assigned a value but never used  no-unused-vars
   38:10  warning  'mouseevt' is defined but never used          no-unused-vars
   43:26  warning  'orgate' is not defined                       no-undef
   50:26  warning  'andgate' is not defined                      no-undef
   62:17  warning  'a1' is already defined                       no-redeclare
   62:26  warning  'notgate' is not defined                      no-undef
   74:17  warning  'a1' is already defined                       no-redeclare
   74:26  warning  'norgate' is not defined                      no-undef
   81:17  warning  'a1' is already defined                       no-redeclare
   81:26  warning  'xorgate' is not defined                      no-undef
   88:17  warning  'a1' is already defined                       no-redeclare
   88:26  warning  'nandgate' is not defined                     no-undef
   95:17  warning  'a1' is already defined                       no-redeclare
   95:26  warning  'divgate' is not defined                      no-undef
  107:17  warning  'a1' is already defined                       no-redeclare
  107:26  warning  'bulb' is not defined                         no-undef
  119:17  warning  'a1' is already defined                       no-redeclare
  119:26  warning  'dbulb' is not defined                        no-undef
  126:17  warning  'a1' is already defined                       no-redeclare
  126:26  warning  'bulbred' is not defined                      no-undef
  133:17  warning  'a1' is already defined                       no-redeclare
  133:26  warning  'bulbrg' is not defined                       no-undef
  140:17  warning  'a1' is already defined                       no-redeclare
  140:26  warning  'outgate' is not defined                      no-undef
  153:17  warning  'a1' is already defined                       no-redeclare
  153:26  warning  'and3gate' is not defined                     no-undef
  165:18  warning  'i' is not defined                            no-undef
  165:25  warning  'i' is not defined                            no-undef
  165:51  warning  'i' is not defined                            no-undef
  166:44  warning  'i' is not defined                            no-undef
  166:94  warning  'i' is not defined                            no-undef
  168:50  warning  'i' is not defined                            no-undef
  175:18  warning  'i' is not defined                            no-undef
  175:25  warning  'i' is not defined                            no-undef
  175:51  warning  'i' is not defined                            no-undef
  176:44  warning  'i' is not defined                            no-undef
  176:94  warning  'i' is not defined                            no-undef
  178:50  warning  'i' is not defined                            no-undef
  190:18  warning  'i' is not defined                            no-undef
  190:25  warning  'i' is not defined                            no-undef
  190:51  warning  'i' is not defined                            no-undef
  191:44  warning  'i' is not defined                            no-undef
  191:94  warning  'i' is not defined                            no-undef
  193:50  warning  'i' is not defined                            no-undef
  200:18  warning  'i' is not defined                            no-undef
  200:25  warning  'i' is not defined                            no-undef
  200:51  warning  'i' is not defined                            no-undef
  201:44  warning  'i' is not defined                            no-undef
  201:94  warning  'i' is not defined                            no-undef
  203:50  warning  'i' is not defined                            no-undef
  215:18  warning  'i' is not defined                            no-undef
  215:25  warning  'i' is not defined                            no-undef
  215:51  warning  'i' is not defined                            no-undef
  216:44  warning  'i' is not defined                            no-undef
  216:94  warning  'i' is not defined                            no-undef
  218:50  warning  'i' is not defined                            no-undef
  225:18  warning  'i' is not defined                            no-undef
  225:25  warning  'i' is not defined                            no-undef
  225:51  warning  'i' is not defined                            no-undef
  226:44  warning  'i' is not defined                            no-undef
  226:94  warning  'i' is not defined                            no-undef
  228:50  warning  'i' is not defined                            no-undef
  240:18  warning  'i' is not defined                            no-undef
  240:25  warning  'i' is not defined                            no-undef
  240:51  warning  'i' is not defined                            no-undef
  241:44  warning  'i' is not defined                            no-undef
  241:94  warning  'i' is not defined                            no-undef
  243:50  warning  'i' is not defined                            no-undef
  250:18  warning  'i' is not defined                            no-undef
  250:25  warning  'i' is not defined                            no-undef
  250:51  warning  'i' is not defined                            no-undef
  251:44  warning  'i' is not defined                            no-undef
  251:94  warning  'i' is not defined                            no-undef
  253:50  warning  'i' is not defined                            no-undef
  265:18  warning  'i' is not defined                            no-undef
  265:25  warning  'i' is not defined                            no-undef
  265:51  warning  'i' is not defined                            no-undef
  266:44  warning  'i' is not defined                            no-undef
  266:94  warning  'i' is not defined                            no-undef
  268:50  warning  'i' is not defined                            no-undef
  275:18  warning  'i' is not defined                            no-undef
  275:25  warning  'i' is not defined                            no-undef
  275:51  warning  'i' is not defined                            no-undef
  276:44  warning  'i' is not defined                            no-undef
  276:94  warning  'i' is not defined                            no-undef
  278:50  warning  'i' is not defined                            no-undef
  290:18  warning  'i' is not defined                            no-undef
  290:25  warning  'i' is not defined                            no-undef
  290:51  warning  'i' is not defined                            no-undef
  291:44  warning  'i' is not defined                            no-undef
  291:94  warning  'i' is not defined                            no-undef
  293:50  warning  'i' is not defined                            no-undef
  300:18  warning  'i' is not defined                            no-undef
  300:25  warning  'i' is not defined                            no-undef
  300:51  warning  'i' is not defined                            no-undef
  301:44  warning  'i' is not defined                            no-undef
  301:94  warning  'i' is not defined                            no-undef
  303:50  warning  'i' is not defined                            no-undef
  316:14  warning  'i' is not defined                            no-undef
  316:21  warning  'i' is not defined                            no-undef
  316:50  warning  'i' is not defined                            no-undef
  317:43  warning  'i' is not defined                            no-undef
  317:96  warning  'i' is not defined                            no-undef
  318:49  warning  'i' is not defined                            no-undef
  331:10  warning  'addorgate' is defined but never used         no-unused-vars
  337:10  warning  'addandgate' is defined but never used        no-unused-vars
  343:10  warning  'addand3gate' is defined but never used       no-unused-vars
  349:10  warning  'addnotgate' is defined but never used        no-unused-vars
  355:10  warning  'addnorgate' is defined but never used        no-unused-vars
  361:10  warning  'addxorgate' is defined but never used        no-unused-vars
  367:10  warning  'addnandgate' is defined but never used       no-unused-vars
  373:10  warning  'adddivgate' is defined but never used        no-unused-vars
  379:10  warning  'addbulbgate' is defined but never used       no-unused-vars
  385:10  warning  'adddbulbgate' is defined but never used      no-unused-vars
  388:10  warning  'addbulredbgate' is defined but never used    no-unused-vars
  394:10  warning  'addbulbrggate' is defined but never used     no-unused-vars
  397:10  warning  'connector1' is defined but never used        no-unused-vars
  406:10  warning  'connector2' is defined but never used        no-unused-vars
  415:10  warning  'connector3' is defined but never used        no-unused-vars
  424:10  warning  'connector4' is defined but never used        no-unused-vars
  433:10  warning  'connector5' is defined but never used        no-unused-vars
  442:10  warning  'connector6' is defined but never used        no-unused-vars
  451:10  warning  'addoutgate' is defined but never used        no-unused-vars
  451:21  warning  'num' is defined but never used               no-unused-vars
  459:10  warning  'i' is not defined                            no-undef
  459:17  warning  'i' is not defined                            no-undef
  459:43  warning  'i' is not defined                            no-undef
  460:32  warning  'i' is not defined                            no-undef
  463:10  warning  'i' is not defined                            no-undef
  463:17  warning  'i' is not defined                            no-undef
  463:38  warning  'i' is not defined                            no-undef
  464:13  warning  'a1' is already defined                       no-redeclare
  464:27  warning  'i' is not defined                            no-undef
  465:27  warning  'i' is not defined                            no-undef
  466:31  warning  'i' is not defined                            no-undef
  467:30  warning  'i' is not defined                            no-undef
  476:10  warning  'startsim1' is defined but never used         no-unused-vars
  479:10  warning  'i' is not defined                            no-undef
  479:17  warning  'i' is not defined                            no-undef
  479:46  warning  'i' is not defined                            no-undef
  480:41  warning  'i' is not defined                            no-undef
  484:10  warning  'stopsim1' is defined but never used          no-unused-vars
  488:10  warning  'reset' is defined but never used             no-unused-vars
  519:10  warning  'undoGate' is defined but never used          no-unused-vars
  563:10  warning  'undoConnection' is defined but never used    no-unused-vars
  575:10  warning  'redoGate' is defined but never used          no-unused-vars
  625:10  warning  'redoConnection' is defined but never used    no-unused-vars

/home/runner/work/exp-demultiplexer-using-basic-logic-gates-iitb/exp-demultiplexer-using-basic-logic-gates-iitb/experiment/simulation/js/simulation/JS 2/mouseevent.ob.js
  2:10   warning  'writeMessage' is defined but never used       no-unused-vars
  4:1    warning  'canvas' is not defined                        no-undef
  4:83   warning  'canvas' is not defined                        no-undef
  4:106  warning  '_0x106F4' is assigned a value but never used  no-unused-vars
  5:1    warning  'canvas' is not defined                        no-undef
  6:60   warning  'canvas' is not defined                        no-undef
  6:79   warning  'mouseevt' is not defined                      no-undef

/home/runner/work/exp-demultiplexer-using-basic-logic-gates-iitb/exp-demultiplexer-using-basic-logic-gates-iitb/experiment/simulation/js/simulation/JS 2/outputgate.js
  125:29  warning  Empty block statement  no-empty
  148:29  warning  Empty block statement  no-empty

/home/runner/work/exp-demultiplexer-using-basic-logic-gates-iitb/exp-demultiplexer-using-basic-logic-gates-iitb/experiment/simulation/js/simulation/front_page.js
    1:10  warning  'DrawORGate' is defined but never used    no-unused-vars
    2:5   warning  'CONTEXT1' is not defined                 no-undef
    2:30  warning  'CANVAS1' is not defined                  no-undef
    2:45  warning  'CANVAS1' is not defined                  no-undef
    3:13  warning  'startX' is not defined                   no-undef
    4:13  warning  'startY' is not defined                   no-undef
   60:10  warning  'DrawANDGate' is defined but never used   no-unused-vars
   61:5   warning  'CONTEXT1' is not defined                 no-undef
   61:30  warning  'CANVAS1' is not defined                  no-undef
   61:45  warning  'CANVAS1' is not defined                  no-undef
   62:9   warning  'questionCount' is not defined            no-undef
   63:9   warning  'selectedAnswer' is not defined           no-undef
   65:9   warning  'selectedAnswer' is not defined           no-undef
   66:13  warning  'startX' is not defined                   no-undef
   67:13  warning  'startY' is not defined                   no-undef
  123:10  warning  'DrawNOTGate' is defined but never used   no-unused-vars
  124:5   warning  'CONTEXT1' is not defined                 no-undef
  124:30  warning  'CANVAS1' is not defined                  no-undef
  124:45  warning  'CANVAS1' is not defined                  no-undef
  125:5   warning  'selectedAnswer' is not defined           no-undef
  126:13  warning  'startX' is not defined                   no-undef
  127:13  warning  'startY' is not defined                   no-undef
  168:10  warning  'DrawNORGate' is defined but never used   no-unused-vars
  169:5   warning  'CONTEXT1' is not defined                 no-undef
  169:30  warning  'CANVAS1' is not defined                  no-undef
  169:45  warning  'CANVAS1' is not defined                  no-undef
  170:5   warning  'selectedAnswer' is not defined           no-undef
  171:13  warning  'startX' is not defined                   no-undef
  172:13  warning  'startY' is not defined                   no-undef
  231:10  warning  'DrawNANDGate' is defined but never used  no-unused-vars
  232:5   warning  'CONTEXT1' is not defined                 no-undef
  232:30  warning  'CANVAS1' is not defined                  no-undef
  232:45  warning  'CANVAS1' is not defined                  no-undef
  233:5   warning  'selectedAnswer' is not defined           no-undef
  234:13  warning  'startX' is not defined                   no-undef
  235:13  warning  'startY' is not defined                   no-undef
  294:10  warning  'DrawXORGate' is defined but never used   no-unused-vars
  295:5   warning  'CONTEXT1' is not defined                 no-undef
  295:30  warning  'CANVAS1' is not defined                  no-undef
  295:45  warning  'CANVAS1' is not defined                  no-undef
  296:5   warning  'selectedAnswer' is not defined           no-undef
  297:13  warning  'startX' is not defined                   no-undef
  298:13  warning  'startY' is not defined                   no-undef

✖ 508 problems (0 errors, 508 warnings)
  0 errors and 2 warnings potentially fixable with the `--fix` option.

